Arguments: 
  C:\Program Files\nodejs\node.exe C:\Users\marka\AppData\Roaming\npm\node_modules\yarn\bin\yarn.js add --json @parcel/transformer-html -D -W

PATH: 
  C:\Users\marka\simplefolio\node_modules\.bin;C:\Users\marka\node_modules\.bin;C:\Users\node_modules\.bin;C:\node_modules\.bin;C:\Program Files\nodejs\node_modules\npm\node_modules\@npmcli\run-script\lib\node-gyp-bin;C:\Users\marka\bin;C:\Program Files\Git\mingw64\bin;C:\Program Files\Git\usr\local\bin;C:\Program Files\Git\usr\bin;C:\Program Files\Git\usr\bin;C:\Program Files\Git\mingw64\bin;C:\Program Files\Git\usr\bin;C:\Users\marka\bin;C:\WINDOWS\system32;C:\WINDOWS;C:\WINDOWS\System32\Wbem;C:\WINDOWS\System32\WindowsPowerShell\v1.0;C:\WINDOWS\System32\OpenSSH;C:\Program Files\Crucial\Crucial Storage Executive;C:\Program Files\Git\cmd;C:\Program Files\nodejs;C:\Program Files\Java\jdk-18.0.2\bin;C:\Users\marka\AppData\Local\Microsoft\WindowsApps;C:\Users\marka\AppData\Local\Programs\Microsoft VS Code\bin;C:\Users\marka\AppData\Local\GitHubDesktop\bin;C:\Users\marka\AppData\Roaming\npm;C:\Program Files\Git\usr\bin\vendor_perl;C:\Program Files\Git\usr\bin\core_perl

Yarn version: 
  1.22.19

Node version: 
  16.15.1

Platform: 
  win32 x64

Trace: 
  Error: EPERM: operation not permitted, copyfile 'C:\Users\marka\AppData\Local\Yarn\Cache\v6\npm-acorn-8.8.0-88c0187620435c7f6015803f5539dae05a9dbea8-integrity\node_modules\acorn\package.json' -> 'C:\Users\marka\simplefolio\node_modules\acorn\package.json'

npm manifest: 
  {
    "name": "simplefolio",
    "version": "1.0.1",
    "private": "true",
    "description": "A clean, beautiful and responsive portfolio template for Developers!",
    "source": "src/index.html",
    "scripts": {
      "start": "parcel",
      "build": "parcel build"
    },
    "repository": {
      "type": "git",
      "url": "git+https://github.com/cobidev/simplefolio"
    },
    "keywords": [],
    "author": "Jacobo Martinez",
    "license": "ISC",
    "bugs": {
      "url": "https://github.com/cobidev/simplefolio/issues"
    },
    "homepage": "https://github.com/cobidev/simplefolio#readme",
    "devDependencies": {
      "@parcel/transformer-sass": "^2.0.1",
      "parcel": "^1.12.4",
      "prettier": "^2.4.1"
    },
    "dependencies": {
      "@popperjs/core": "^2.10.2",
      "bootstrap": "^5.1.3",
      "jquery": "^3.6.0",
      "popper.js": "^1.16.1",
      "vanilla-tilt": "^1.7.2"
    }
  }

yarn manifest: 
  No manifest

Lockfile: 
  No lockfile
